[2024-07-13 18:35:32,936] 97 werkzeug - WARNING -  * Debugger is active!
[2024-07-13 18:35:32,952] 97 werkzeug - INFO -  * Debugger PIN: 571-926-648
[2024-07-13 18:35:33,029] 17 root - INFO - data prediction started...
[2024-07-13 18:35:33,492] 80 root - INFO - custom data converted as dataframe. And the data is,       N     P      K  temperature  humidity    ph  rainfall
0  67.0  23.0  132.0         56.0      12.2  43.0      12.0
[2024-07-13 18:35:33,507] 32 root - INFO - the data is:       N     P      K  temperature  humidity    ph  rainfall
0  67.0  23.0  132.0         56.0      12.2  43.0      12.0
[2024-07-13 18:35:33,508] 22 root - INFO - training pipeline started in prediction pipeline
[2024-07-13 18:35:33,509] 23 root - INFO - training pipeline sucessfully ran
[2024-07-13 18:35:33,517] 29 root - INFO - data:       N     P      K  temperature  humidity    ph  rainfall
0  67.0  23.0  132.0         56.0      12.2  43.0      12.0
[2024-07-13 18:35:34,860] 34 root - INFO - preprocessed value: [[ 0.46576197 -0.93017893  1.36787492  6.09756491 -2.58498072 46.86496208
  -1.70352567]]
[2024-07-13 18:35:34,950] 38 root - INFO - encoded value df:           label  encoded_val
0        grapes            7
1        papaya           17
2     mothbeans           13
3    watermelon           21
4        banana            1
5         mango           12
6   kidneybeans            9
7        orange           16
8   pomegranate           19
9       coconut            4
10     chickpea            3
11        apple            0
12       lentil           10
13     mungbean           14
14    blackgram            2
15        maize           11
16         jute            8
17         rice           20
18       coffee            5
19   pigeonpeas           18
20    muskmelon           15
21       cotton            6
[2024-07-13 18:35:34,951] 39 root - INFO - predicted value: [15.]
[2024-07-13 18:35:35,068] 97 werkzeug - INFO - 127.0.0.1 - - [13/Jul/2024 18:35:35] "POST /predict HTTP/1.1" 200 -
